mode: set
github.com/balazsgrill/wscgo/devices/ccs811.go:25.58,34.16 3 0
github.com/balazsgrill/wscgo/devices/ccs811.go:37.2,38.16 2 0
github.com/balazsgrill/wscgo/devices/ccs811.go:42.2,52.8 1 0
github.com/balazsgrill/wscgo/devices/ccs811.go:34.16,36.3 1 0
github.com/balazsgrill/wscgo/devices/ccs811.go:38.16,40.3 1 0
github.com/balazsgrill/wscgo/devices/ccs811.go:55.39,57.27 2 0
github.com/balazsgrill/wscgo/devices/ccs811.go:68.2,68.12 1 0
github.com/balazsgrill/wscgo/devices/ccs811.go:57.27,60.17 3 0
github.com/balazsgrill/wscgo/devices/ccs811.go:63.3,64.50 2 0
github.com/balazsgrill/wscgo/devices/ccs811.go:60.17,62.4 1 0
github.com/balazsgrill/wscgo/devices/ccs811.go:65.8,67.3 1 0
github.com/balazsgrill/wscgo/devices/ccs811.go:71.45,74.2 2 0
github.com/balazsgrill/wscgo/devices/ccs811.go:76.41,78.2 1 0
github.com/balazsgrill/wscgo/devices/ccs811.go:80.40,82.2 1 0
github.com/balazsgrill/wscgo/devices/devices.go:10.44,12.2 1 0
github.com/balazsgrill/wscgo/devices/dimmer.go:37.58,39.24 2 1
github.com/balazsgrill/wscgo/devices/dimmer.go:45.2,46.19 2 1
github.com/balazsgrill/wscgo/devices/dimmer.go:49.2,53.8 1 1
github.com/balazsgrill/wscgo/devices/dimmer.go:39.24,41.19 2 1
github.com/balazsgrill/wscgo/devices/dimmer.go:41.19,43.4 1 0
github.com/balazsgrill/wscgo/devices/dimmer.go:46.19,48.3 1 0
github.com/balazsgrill/wscgo/devices/dimmer.go:56.42,61.16 5 1
github.com/balazsgrill/wscgo/devices/dimmer.go:64.2,64.25 1 1
github.com/balazsgrill/wscgo/devices/dimmer.go:67.2,67.12 1 0
github.com/balazsgrill/wscgo/devices/dimmer.go:61.16,63.3 1 0
github.com/balazsgrill/wscgo/devices/dimmer.go:64.25,66.3 1 1
github.com/balazsgrill/wscgo/devices/dimmer.go:70.50,72.2 1 1
github.com/balazsgrill/wscgo/devices/dimmer.go:74.28,76.2 1 1
github.com/balazsgrill/wscgo/devices/dimmer.go:78.29,80.2 1 1
github.com/balazsgrill/wscgo/devices/dimmer.go:82.49,83.41 1 1
github.com/balazsgrill/wscgo/devices/dimmer.go:93.2,93.51 1 1
github.com/balazsgrill/wscgo/devices/dimmer.go:83.41,85.3 1 0
github.com/balazsgrill/wscgo/devices/dimmer.go:85.8,86.17 1 1
github.com/balazsgrill/wscgo/devices/dimmer.go:86.17,88.4 1 0
github.com/balazsgrill/wscgo/devices/dimmer.go:88.9,90.4 1 1
github.com/balazsgrill/wscgo/devices/dimmer.go:93.51,95.3 1 1
github.com/balazsgrill/wscgo/devices/dimmer.go:98.30,99.13 1 1
github.com/balazsgrill/wscgo/devices/dimmer.go:102.2,102.11 1 1
github.com/balazsgrill/wscgo/devices/dimmer.go:99.13,101.3 1 1
github.com/balazsgrill/wscgo/devices/dimmer.go:105.30,106.13 1 1
github.com/balazsgrill/wscgo/devices/dimmer.go:109.2,109.11 1 1
github.com/balazsgrill/wscgo/devices/dimmer.go:106.13,108.3 1 1
github.com/balazsgrill/wscgo/devices/dimmer.go:112.39,113.29 1 1
github.com/balazsgrill/wscgo/devices/dimmer.go:117.2,117.36 1 1
github.com/balazsgrill/wscgo/devices/dimmer.go:121.2,121.36 1 1
github.com/balazsgrill/wscgo/devices/dimmer.go:113.29,116.3 2 1
github.com/balazsgrill/wscgo/devices/dimmer.go:117.36,120.3 2 1
github.com/balazsgrill/wscgo/devices/dimmer.go:121.36,124.3 2 1
github.com/balazsgrill/wscgo/devices/dimmer.go:127.39,129.28 2 1
github.com/balazsgrill/wscgo/devices/dimmer.go:132.2,134.16 3 1
github.com/balazsgrill/wscgo/devices/dimmer.go:137.2,137.25 1 1
github.com/balazsgrill/wscgo/devices/dimmer.go:144.2,144.12 1 0
github.com/balazsgrill/wscgo/devices/dimmer.go:129.28,131.3 1 1
github.com/balazsgrill/wscgo/devices/dimmer.go:134.16,136.3 1 0
github.com/balazsgrill/wscgo/devices/dimmer.go:137.25,139.50 2 1
github.com/balazsgrill/wscgo/devices/dimmer.go:142.3,142.29 1 1
github.com/balazsgrill/wscgo/devices/dimmer.go:139.50,141.4 1 1
github.com/balazsgrill/wscgo/devices/dimmer.go:147.36,150.2 2 1
github.com/balazsgrill/wscgo/devices/gpio.go:39.58,41.16 2 0
github.com/balazsgrill/wscgo/devices/gpio.go:44.2,46.8 1 0
github.com/balazsgrill/wscgo/devices/gpio.go:41.16,43.3 1 0
github.com/balazsgrill/wscgo/devices/gpio.go:49.55,51.16 2 0
github.com/balazsgrill/wscgo/devices/gpio.go:54.2,56.8 1 0
github.com/balazsgrill/wscgo/devices/gpio.go:51.16,53.3 1 0
github.com/balazsgrill/wscgo/devices/gpio.go:59.39,61.2 1 0
github.com/balazsgrill/wscgo/devices/gpio.go:63.29,65.2 1 0
github.com/balazsgrill/wscgo/devices/gpio.go:67.40,71.2 3 0
github.com/balazsgrill/wscgo/devices/gpio.go:73.58,75.2 1 0
github.com/balazsgrill/wscgo/devices/gpio.go:77.34,79.26 2 0
github.com/balazsgrill/wscgo/devices/gpio.go:85.2,85.12 1 0
github.com/balazsgrill/wscgo/devices/gpio.go:79.26,81.37 2 0
github.com/balazsgrill/wscgo/devices/gpio.go:81.37,83.4 1 0
github.com/balazsgrill/wscgo/devices/i2creg.go:10.46,12.9 2 0
github.com/balazsgrill/wscgo/devices/i2creg.go:19.2,19.17 1 0
github.com/balazsgrill/wscgo/devices/i2creg.go:12.9,14.17 2 0
github.com/balazsgrill/wscgo/devices/i2creg.go:17.3,17.29 1 0
github.com/balazsgrill/wscgo/devices/i2creg.go:14.17,16.4 1 0
github.com/balazsgrill/wscgo/devices/sensor.go:15.37,17.2 1 0
github.com/balazsgrill/wscgo/devices/sensor.go:19.66,21.2 1 0
github.com/balazsgrill/wscgo/devices/sensor.go:23.54,24.33 1 0
github.com/balazsgrill/wscgo/devices/sensor.go:24.33,26.3 1 0
github.com/balazsgrill/wscgo/devices/shutter.go:46.61,48.18 2 1
github.com/balazsgrill/wscgo/devices/shutter.go:51.2,52.20 2 1
github.com/balazsgrill/wscgo/devices/shutter.go:55.2,65.8 1 1
github.com/balazsgrill/wscgo/devices/shutter.go:48.18,50.3 1 0
github.com/balazsgrill/wscgo/devices/shutter.go:52.20,54.3 1 0
github.com/balazsgrill/wscgo/devices/shutter.go:68.67,69.29 1 1
github.com/balazsgrill/wscgo/devices/shutter.go:72.2,72.14 1 1
github.com/balazsgrill/wscgo/devices/shutter.go:69.29,71.3 1 1
github.com/balazsgrill/wscgo/devices/shutter.go:75.37,76.45 1 1
github.com/balazsgrill/wscgo/devices/shutter.go:76.45,78.3 1 0
github.com/balazsgrill/wscgo/devices/shutter.go:81.36,83.16 2 1
github.com/balazsgrill/wscgo/devices/shutter.go:86.2,86.59 1 1
github.com/balazsgrill/wscgo/devices/shutter.go:83.16,85.3 1 0
github.com/balazsgrill/wscgo/devices/shutter.go:89.38,91.16 2 1
github.com/balazsgrill/wscgo/devices/shutter.go:94.2,94.61 1 1
github.com/balazsgrill/wscgo/devices/shutter.go:91.16,93.3 1 0
github.com/balazsgrill/wscgo/devices/shutter.go:97.38,99.16 2 1
github.com/balazsgrill/wscgo/devices/shutter.go:102.2,102.60 1 1
github.com/balazsgrill/wscgo/devices/shutter.go:99.16,101.3 1 0
github.com/balazsgrill/wscgo/devices/shutter.go:105.44,108.2 2 1
github.com/balazsgrill/wscgo/devices/shutter.go:110.43,111.16 1 1
github.com/balazsgrill/wscgo/devices/shutter.go:151.2,151.26 1 1
github.com/balazsgrill/wscgo/devices/shutter.go:111.16,114.48 2 1
github.com/balazsgrill/wscgo/devices/shutter.go:114.48,116.4 1 1
github.com/balazsgrill/wscgo/devices/shutter.go:116.10,118.4 0 0
github.com/balazsgrill/wscgo/devices/shutter.go:119.8,119.22 1 1
github.com/balazsgrill/wscgo/devices/shutter.go:119.22,121.22 1 1
github.com/balazsgrill/wscgo/devices/shutter.go:129.3,129.122 1 1
github.com/balazsgrill/wscgo/devices/shutter.go:133.3,133.22 1 1
github.com/balazsgrill/wscgo/devices/shutter.go:121.22,125.4 2 0
github.com/balazsgrill/wscgo/devices/shutter.go:125.9,127.4 1 1
github.com/balazsgrill/wscgo/devices/shutter.go:129.122,131.4 1 0
github.com/balazsgrill/wscgo/devices/shutter.go:134.8,136.22 1 1
github.com/balazsgrill/wscgo/devices/shutter.go:144.3,144.124 1 1
github.com/balazsgrill/wscgo/devices/shutter.go:148.3,148.23 1 1
github.com/balazsgrill/wscgo/devices/shutter.go:136.22,140.4 2 0
github.com/balazsgrill/wscgo/devices/shutter.go:140.9,142.4 1 1
github.com/balazsgrill/wscgo/devices/shutter.go:144.124,146.4 1 1
github.com/balazsgrill/wscgo/devices/shutter.go:154.38,155.22 1 1
github.com/balazsgrill/wscgo/devices/shutter.go:162.2,162.22 1 1
github.com/balazsgrill/wscgo/devices/shutter.go:173.2,175.21 3 1
github.com/balazsgrill/wscgo/devices/shutter.go:184.2,186.25 3 1
github.com/balazsgrill/wscgo/devices/shutter.go:189.2,190.23 2 1
github.com/balazsgrill/wscgo/devices/shutter.go:155.22,157.24 2 1
github.com/balazsgrill/wscgo/devices/shutter.go:160.3,160.24 1 1
github.com/balazsgrill/wscgo/devices/shutter.go:157.24,159.4 1 1
github.com/balazsgrill/wscgo/devices/shutter.go:162.22,163.80 1 1
github.com/balazsgrill/wscgo/devices/shutter.go:166.3,166.58 1 1
github.com/balazsgrill/wscgo/devices/shutter.go:171.3,171.24 1 1
github.com/balazsgrill/wscgo/devices/shutter.go:163.80,165.4 1 1
github.com/balazsgrill/wscgo/devices/shutter.go:166.58,168.4 1 1
github.com/balazsgrill/wscgo/devices/shutter.go:168.9,170.4 1 1
github.com/balazsgrill/wscgo/devices/shutter.go:175.21,178.45 3 1
github.com/balazsgrill/wscgo/devices/shutter.go:181.3,182.22 2 1
github.com/balazsgrill/wscgo/devices/shutter.go:178.45,180.4 1 0
github.com/balazsgrill/wscgo/devices/shutter.go:186.25,188.3 1 1
github.com/balazsgrill/wscgo/devices/shutter.go:193.68,195.2 1 0
github.com/balazsgrill/wscgo/devices/shutter.go:197.32,199.2 1 1
github.com/balazsgrill/wscgo/devices/shutter.go:200.33,202.2 1 1
github.com/balazsgrill/wscgo/devices/shutter.go:203.43,205.2 1 0
github.com/balazsgrill/wscgo/devices/shutter.go:206.32,208.2 1 0
github.com/balazsgrill/wscgo/devices/shutter.go:209.40,211.2 1 0
